[debug] [2021-01-20T15:05:34.936Z] ----------------------------------------------------------------------
[debug] [2021-01-20T15:05:34.942Z] Command:       C:\Program Files\nodejs\node.exe C:\Users\Ayush Dubey\AppData\Roaming\npm\node_modules\firebase-tools\lib\bin\firebase.js init
[debug] [2021-01-20T15:05:34.943Z] CLI Version:   9.2.0
[debug] [2021-01-20T15:05:34.943Z] Platform:      win32
[debug] [2021-01-20T15:05:34.944Z] Node Version:  v14.15.3
[debug] [2021-01-20T15:05:34.946Z] Time:          Wed Jan 20 2021 20:35:34 GMT+0530 (India Standard Time)
[debug] [2021-01-20T15:05:34.947Z] ----------------------------------------------------------------------
[debug] [2021-01-20T15:05:34.947Z] 
[debug] [2021-01-20T15:05:34.964Z] > command requires scopes: ["email","openid","https://www.googleapis.com/auth/cloudplatformprojects.readonly","https://www.googleapis.com/auth/firebase","https://www.googleapis.com/auth/cloud-platform"]
[debug] [2021-01-20T15:05:34.965Z] > authorizing via signed-in user
[info] 
     ######## #### ########  ######## ########     ###     ######  ########
     ##        ##  ##     ## ##       ##     ##  ##   ##  ##       ##
     ######    ##  ########  ######   ########  #########  ######  ######
     ##        ##  ##    ##  ##       ##     ## ##     ##       ## ##
     ##       #### ##     ## ######## ########  ##     ##  ######  ########

You're about to initialize a Firebase project in this directory:

  C:\Users\Ayush Dubey\Desktop\frontend-project-ayush-dubey-au9\Instagram-Reels-Clone

Before we get started, keep in mind:

  * You are initializing in an existing Firebase project directory

[info] 
=== Project Setup
[info] 
[info] First, let's associate this project directory with a Firebase project.
[info] You can create multiple project aliases by running firebase use --add, 
[info] but for now we'll just set up a default project.
[info] 
[info] i  .firebaserc already has a default project, using ui-reel-2b08d. 
[debug] [2021-01-20T15:06:28.743Z] > refreshing access token with scopes: []
[debug] [2021-01-20T15:06:28.745Z] >>> HTTP REQUEST POST https://www.googleapis.com/oauth2/v3/token  
 <request body omitted>
[debug] [2021-01-20T15:06:29.503Z] <<< HTTP RESPONSE 200 {"pragma":"no-cache","expires":"Mon, 01 Jan 1990 00:00:00 GMT","date":"Wed, 20 Jan 2021 15:06:29 GMT","cache-control":"no-cache, no-store, max-age=0, must-revalidate","content-type":"application/json; charset=utf-8","vary":"X-Origin, Referer, Origin,Accept-Encoding","server":"scaffolding on HTTPServer2","x-xss-protection":"0","x-frame-options":"SAMEORIGIN","x-content-type-options":"nosniff","alt-svc":"h3-29=\":443\"; ma=2592000,h3-T051=\":443\"; ma=2592000,h3-Q050=\":443\"; ma=2592000,h3-Q046=\":443\"; ma=2592000,h3-Q043=\":443\"; ma=2592000,quic=\":443\"; ma=2592000; v=\"46,43\"","accept-ranges":"none","transfer-encoding":"chunked"}
[debug] [2021-01-20T15:06:29.612Z] >>> [apiv2][query] GET https://firebase.googleapis.com/v1beta1/projects/ui-reel-2b08d [none]
[debug] [2021-01-20T15:06:30.421Z] <<< [apiv2][status] GET https://firebase.googleapis.com/v1beta1/projects/ui-reel-2b08d 200
[debug] [2021-01-20T15:06:30.422Z] <<< [apiv2][body] GET https://firebase.googleapis.com/v1beta1/projects/ui-reel-2b08d {"projectId":"ui-reel-2b08d","projectNumber":"909890353192","displayName":"UI reel","name":"projects/ui-reel-2b08d","resources":{"hostingSite":"ui-reel-2b08d","storageBucket":"ui-reel-2b08d.appspot.com","locationId":"us-central"},"state":"ACTIVE"}
[info] 
=== Hosting Setup
[info] 
[info] Your public directory is the folder (relative to your project directory) that
[info] will contain Hosting assets to be uploaded with firebase deploy. If you
[info] have a build process for your assets, use your build's output directory.
[info] 
